Build started 04.01.2017 12:23:50.
     1>Project "C:\Users\Piotrek\Documents\Visual Studio 2012\Projects\Spark\Spark\Spark.vcxproj" on node 2 (Build target(s)).
     1>ClCompile:
         C:\Program Files (x86)\Microsoft Visual Studio 11.0\VC\bin\CL.exe /c /I"C:\Biblioteki\SFML-2.4.0\include" /ZI /nologo /W3 /WX- /Od /Oy- /D _MBCS /Gm /EHsc /RTC1 /MDd /GS /fp:precise /Zc:wchar_t /Zc:forScope /Fo"Debug\\" /Fd"Debug\vc110.pdb" /Gd /TP /analyze- /errorReport:prompt Engine.cpp MainMenu.cpp NextLvl.cpp NextNextLvl.cpp Score.cpp
         Score.cpp
     1>c:\users\piotrek\documents\visual studio 2012\projects\spark\spark\score.cpp(61): warning C4305: 'argument' : truncation from 'double' to 'float'
     1>c:\users\piotrek\documents\visual studio 2012\projects\spark\spark\score.cpp(62): warning C4305: 'argument' : truncation from 'double' to 'float'
     1>c:\users\piotrek\documents\visual studio 2012\projects\spark\spark\score.cpp(347): warning C4305: 'argument' : truncation from 'double' to 'float'
     1>c:\users\piotrek\documents\visual studio 2012\projects\spark\spark\score.cpp(348): warning C4305: 'argument' : truncation from 'double' to 'float'
         NextNextLvl.cpp
     1>c:\users\piotrek\documents\visual studio 2012\projects\spark\spark\engine.h(4): warning C4067: unexpected tokens following preprocessor directive - expected a newline
     1>c:\users\piotrek\documents\visual studio 2012\projects\spark\spark\player.h(20): warning C4244: 'argument' : conversion from 'int' to 'float', possible loss of data
     1>c:\users\piotrek\documents\visual studio 2012\projects\spark\spark\nextnextlvl.cpp(34): warning C4996: 'sf::Text::setColor': was declared deprecated
                 c:\biblioteki\sfml-2.4.0\include\sfml\graphics\text.hpp(177) : see declaration of 'sf::Text::setColor'
     1>c:\users\piotrek\documents\visual studio 2012\projects\spark\spark\nextnextlvl.cpp(45): warning C4996: 'sf::Text::setColor': was declared deprecated
                 c:\biblioteki\sfml-2.4.0\include\sfml\graphics\text.hpp(177) : see declaration of 'sf::Text::setColor'
     1>c:\users\piotrek\documents\visual studio 2012\projects\spark\spark\nextnextlvl.cpp(51): warning C4996: 'sf::Text::setColor': was declared deprecated
                 c:\biblioteki\sfml-2.4.0\include\sfml\graphics\text.hpp(177) : see declaration of 'sf::Text::setColor'
     1>c:\users\piotrek\documents\visual studio 2012\projects\spark\spark\nextnextlvl.cpp(52): warning C4996: 'sf::Text::setColor': was declared deprecated
                 c:\biblioteki\sfml-2.4.0\include\sfml\graphics\text.hpp(177) : see declaration of 'sf::Text::setColor'
     1>c:\users\piotrek\documents\visual studio 2012\projects\spark\spark\nextnextlvl.cpp(58): warning C4996: 'sf::Text::setColor': was declared deprecated
                 c:\biblioteki\sfml-2.4.0\include\sfml\graphics\text.hpp(177) : see declaration of 'sf::Text::setColor'
     1>c:\users\piotrek\documents\visual studio 2012\projects\spark\spark\nextnextlvl.cpp(63): warning C4996: 'sf::Text::setColor': was declared deprecated
                 c:\biblioteki\sfml-2.4.0\include\sfml\graphics\text.hpp(177) : see declaration of 'sf::Text::setColor'
     1>c:\users\piotrek\documents\visual studio 2012\projects\spark\spark\nextnextlvl.cpp(70): warning C4996: 'sf::Text::setColor': was declared deprecated
                 c:\biblioteki\sfml-2.4.0\include\sfml\graphics\text.hpp(177) : see declaration of 'sf::Text::setColor'
     1>c:\users\piotrek\documents\visual studio 2012\projects\spark\spark\nextnextlvl.cpp(75): warning C4996: 'sf::Text::setColor': was declared deprecated
                 c:\biblioteki\sfml-2.4.0\include\sfml\graphics\text.hpp(177) : see declaration of 'sf::Text::setColor'
     1>c:\users\piotrek\documents\visual studio 2012\projects\spark\spark\nextnextlvl.cpp(187): warning C4244: 'argument' : conversion from 'int' to 'float', possible loss of data
     1>c:\users\piotrek\documents\visual studio 2012\projects\spark\spark\nextnextlvl.cpp(239): warning C4996: 'sf::Text::setColor': was declared deprecated
                 c:\biblioteki\sfml-2.4.0\include\sfml\graphics\text.hpp(177) : see declaration of 'sf::Text::setColor'
     1>c:\users\piotrek\documents\visual studio 2012\projects\spark\spark\nextnextlvl.cpp(244): warning C4996: 'sf::Text::setColor': was declared deprecated
                 c:\biblioteki\sfml-2.4.0\include\sfml\graphics\text.hpp(177) : see declaration of 'sf::Text::setColor'
     1>c:\users\piotrek\documents\visual studio 2012\projects\spark\spark\nextnextlvl.cpp(447): warning C4996: 'sf::Text::setColor': was declared deprecated
                 c:\biblioteki\sfml-2.4.0\include\sfml\graphics\text.hpp(177) : see declaration of 'sf::Text::setColor'
     1>c:\users\piotrek\documents\visual studio 2012\projects\spark\spark\nextnextlvl.cpp(613): warning C4996: 'sf::Text::setColor': was declared deprecated
                 c:\biblioteki\sfml-2.4.0\include\sfml\graphics\text.hpp(177) : see declaration of 'sf::Text::setColor'
     1>c:\users\piotrek\documents\visual studio 2012\projects\spark\spark\nextnextlvl.cpp(683): warning C4244: 'argument' : conversion from 'int' to 'float', possible loss of data
     1>c:\users\piotrek\documents\visual studio 2012\projects\spark\spark\nextnextlvl.cpp(898): warning C4244: 'argument' : conversion from 'int' to 'float', possible loss of data
     1>c:\users\piotrek\documents\visual studio 2012\projects\spark\spark\nextnextlvl.cpp(967): warning C4018: '<' : signed/unsigned mismatch
     1>c:\users\piotrek\documents\visual studio 2012\projects\spark\spark\nextnextlvl.cpp(1007): warning C4018: '<' : signed/unsigned mismatch
     1>c:\users\piotrek\documents\visual studio 2012\projects\spark\spark\nextnextlvl.cpp(1048): warning C4018: '<' : signed/unsigned mismatch
     1>c:\users\piotrek\documents\visual studio 2012\projects\spark\spark\nextnextlvl.cpp(1089): warning C4018: '<' : signed/unsigned mismatch
     1>c:\users\piotrek\documents\visual studio 2012\projects\spark\spark\nextnextlvl.cpp(1130): warning C4018: '<' : signed/unsigned mismatch
     1>c:\users\piotrek\documents\visual studio 2012\projects\spark\spark\nextnextlvl.cpp(1224): warning C4244: 'argument' : conversion from 'int' to 'float', possible loss of data
     1>c:\users\piotrek\documents\visual studio 2012\projects\spark\spark\nextnextlvl.cpp(1227): warning C4018: '<' : signed/unsigned mismatch
     1>c:\users\piotrek\documents\visual studio 2012\projects\spark\spark\nextnextlvl.cpp(1323): warning C4244: 'argument' : conversion from 'int' to 'float', possible loss of data
     1>c:\users\piotrek\documents\visual studio 2012\projects\spark\spark\nextnextlvl.cpp(213): warning C4101: 'temp' : unreferenced local variable
         NextLvl.cpp
     1>c:\users\piotrek\documents\visual studio 2012\projects\spark\spark\engine.h(4): warning C4067: unexpected tokens following preprocessor directive - expected a newline
     1>c:\users\piotrek\documents\visual studio 2012\projects\spark\spark\player.h(20): warning C4244: 'argument' : conversion from 'int' to 'float', possible loss of data
     1>c:\users\piotrek\documents\visual studio 2012\projects\spark\spark\nextlvl.cpp(38): warning C4996: 'sf::Text::setColor': was declared deprecated
                 c:\biblioteki\sfml-2.4.0\include\sfml\graphics\text.hpp(177) : see declaration of 'sf::Text::setColor'
     1>c:\users\piotrek\documents\visual studio 2012\projects\spark\spark\nextlvl.cpp(49): warning C4996: 'sf::Text::setColor': was declared deprecated
                 c:\biblioteki\sfml-2.4.0\include\sfml\graphics\text.hpp(177) : see declaration of 'sf::Text::setColor'
     1>c:\users\piotrek\documents\visual studio 2012\projects\spark\spark\nextlvl.cpp(53): warning C4996: 'sf::Text::setColor': was declared deprecated
                 c:\biblioteki\sfml-2.4.0\include\sfml\graphics\text.hpp(177) : see declaration of 'sf::Text::setColor'
     1>c:\users\piotrek\documents\visual studio 2012\projects\spark\spark\nextlvl.cpp(59): warning C4996: 'sf::Text::setColor': was declared deprecated
                 c:\biblioteki\sfml-2.4.0\include\sfml\graphics\text.hpp(177) : see declaration of 'sf::Text::setColor'
     1>c:\users\piotrek\documents\visual studio 2012\projects\spark\spark\nextlvl.cpp(63): warning C4996: 'sf::Text::setColor': was declared deprecated
                 c:\biblioteki\sfml-2.4.0\include\sfml\graphics\text.hpp(177) : see declaration of 'sf::Text::setColor'
     1>c:\users\piotrek\documents\visual studio 2012\projects\spark\spark\nextlvl.cpp(67): warning C4996: 'sf::Text::setColor': was declared deprecated
                 c:\biblioteki\sfml-2.4.0\include\sfml\graphics\text.hpp(177) : see declaration of 'sf::Text::setColor'
     1>c:\users\piotrek\documents\visual studio 2012\projects\spark\spark\nextlvl.cpp(74): warning C4996: 'sf::Text::setColor': was declared deprecated
                 c:\biblioteki\sfml-2.4.0\include\sfml\graphics\text.hpp(177) : see declaration of 'sf::Text::setColor'
     1>c:\users\piotrek\documents\visual studio 2012\projects\spark\spark\nextlvl.cpp(79): warning C4996: 'sf::Text::setColor': was declared deprecated
                 c:\biblioteki\sfml-2.4.0\include\sfml\graphics\text.hpp(177) : see declaration of 'sf::Text::setColor'
     1>c:\users\piotrek\documents\visual studio 2012\projects\spark\spark\nextlvl.cpp(188): warning C4244: 'argument' : conversion from 'int' to 'float', possible loss of data
     1>c:\users\piotrek\documents\visual studio 2012\projects\spark\spark\nextlvl.cpp(422): warning C4996: 'sf::Text::setColor': was declared deprecated
                 c:\biblioteki\sfml-2.4.0\include\sfml\graphics\text.hpp(177) : see declaration of 'sf::Text::setColor'
     1>c:\users\piotrek\documents\visual studio 2012\projects\spark\spark\nextlvl.cpp(508): warning C4996: 'sf::Text::setColor': was declared deprecated
                 c:\biblioteki\sfml-2.4.0\include\sfml\graphics\text.hpp(177) : see declaration of 'sf::Text::setColor'
     1>c:\users\piotrek\documents\visual studio 2012\projects\spark\spark\nextlvl.cpp(578): warning C4244: 'argument' : conversion from 'int' to 'float', possible loss of data
     1>c:\users\piotrek\documents\visual studio 2012\projects\spark\spark\nextlvl.cpp(793): warning C4244: 'argument' : conversion from 'int' to 'float', possible loss of data
     1>c:\users\piotrek\documents\visual studio 2012\projects\spark\spark\nextlvl.cpp(854): warning C4018: '<' : signed/unsigned mismatch
     1>c:\users\piotrek\documents\visual studio 2012\projects\spark\spark\nextlvl.cpp(876): warning C4244: 'argument' : conversion from 'int' to 'float', possible loss of data
     1>c:\users\piotrek\documents\visual studio 2012\projects\spark\spark\nextlvl.cpp(879): warning C4018: '<' : signed/unsigned mismatch
     1>c:\users\piotrek\documents\visual studio 2012\projects\spark\spark\nextlvl.cpp(903): warning C4244: 'argument' : conversion from 'int' to 'float', possible loss of data
     1>c:\users\piotrek\documents\visual studio 2012\projects\spark\spark\nextlvl.cpp(204): warning C4101: 'temp' : unreferenced local variable
         MainMenu.cpp
     1>c:\users\piotrek\documents\visual studio 2012\projects\spark\spark\mainmenu.cpp(5): warning C4067: unexpected tokens following preprocessor directive - expected a newline
     1>c:\users\piotrek\documents\visual studio 2012\projects\spark\spark\engine.h(4): warning C4067: unexpected tokens following preprocessor directive - expected a newline
     1>c:\users\piotrek\documents\visual studio 2012\projects\spark\spark\player.h(20): warning C4244: 'argument' : conversion from 'int' to 'float', possible loss of data
     1>c:\users\piotrek\documents\visual studio 2012\projects\spark\spark\mainmenu.cpp(89): warning C4101: 'event' : unreferenced local variable
     1>c:\users\piotrek\documents\visual studio 2012\projects\spark\spark\mainmenu.cpp(293): warning C4996: 'sf::Text::setColor': was declared deprecated
                 c:\biblioteki\sfml-2.4.0\include\sfml\graphics\text.hpp(177) : see declaration of 'sf::Text::setColor'
     1>c:\users\piotrek\documents\visual studio 2012\projects\spark\spark\mainmenu.cpp(302): warning C4305: 'argument' : truncation from 'double' to 'float'
     1>c:\users\piotrek\documents\visual studio 2012\projects\spark\spark\mainmenu.cpp(305): warning C4305: 'argument' : truncation from 'double' to 'float'
     1>c:\users\piotrek\documents\visual studio 2012\projects\spark\spark\mainmenu.cpp(308): warning C4305: 'argument' : truncation from 'double' to 'float'
     1>c:\users\piotrek\documents\visual studio 2012\projects\spark\spark\mainmenu.cpp(570): warning C4305: 'argument' : truncation from 'double' to 'float'
         Engine.cpp
     1>c:\users\piotrek\documents\visual studio 2012\projects\spark\spark\engine.h(4): warning C4067: unexpected tokens following preprocessor directive - expected a newline
     1>c:\users\piotrek\documents\visual studio 2012\projects\spark\spark\player.h(20): warning C4244: 'argument' : conversion from 'int' to 'float', possible loss of data
     1>c:\users\piotrek\documents\visual studio 2012\projects\spark\spark\engine.cpp(51): warning C4996: 'sf::Text::setColor': was declared deprecated
                 c:\biblioteki\sfml-2.4.0\include\sfml\graphics\text.hpp(177) : see declaration of 'sf::Text::setColor'
     1>c:\users\piotrek\documents\visual studio 2012\projects\spark\spark\engine.cpp(56): warning C4996: 'sf::Text::setColor': was declared deprecated
                 c:\biblioteki\sfml-2.4.0\include\sfml\graphics\text.hpp(177) : see declaration of 'sf::Text::setColor'
     1>c:\users\piotrek\documents\visual studio 2012\projects\spark\spark\engine.cpp(61): warning C4996: 'sf::Text::setColor': was declared deprecated
                 c:\biblioteki\sfml-2.4.0\include\sfml\graphics\text.hpp(177) : see declaration of 'sf::Text::setColor'
     1>c:\users\piotrek\documents\visual studio 2012\projects\spark\spark\engine.cpp(64): warning C4996: 'sf::Text::setColor': was declared deprecated
                 c:\biblioteki\sfml-2.4.0\include\sfml\graphics\text.hpp(177) : see declaration of 'sf::Text::setColor'
     1>c:\users\piotrek\documents\visual studio 2012\projects\spark\spark\engine.cpp(76): warning C4996: 'sf::Text::setColor': was declared deprecated
                 c:\biblioteki\sfml-2.4.0\include\sfml\graphics\text.hpp(177) : see declaration of 'sf::Text::setColor'
     1>c:\users\piotrek\documents\visual studio 2012\projects\spark\spark\engine.cpp(80): warning C4996: 'sf::Text::setColor': was declared deprecated
                 c:\biblioteki\sfml-2.4.0\include\sfml\graphics\text.hpp(177) : see declaration of 'sf::Text::setColor'
     1>c:\users\piotrek\documents\visual studio 2012\projects\spark\spark\engine.cpp(84): warning C4996: 'sf::Text::setColor': was declared deprecated
                 c:\biblioteki\sfml-2.4.0\include\sfml\graphics\text.hpp(177) : see declaration of 'sf::Text::setColor'
     1>c:\users\piotrek\documents\visual studio 2012\projects\spark\spark\engine.cpp(90): warning C4996: 'sf::Text::setColor': was declared deprecated
                 c:\biblioteki\sfml-2.4.0\include\sfml\graphics\text.hpp(177) : see declaration of 'sf::Text::setColor'
     1>c:\users\piotrek\documents\visual studio 2012\projects\spark\spark\engine.cpp(95): warning C4996: 'sf::Text::setColor': was declared deprecated
                 c:\biblioteki\sfml-2.4.0\include\sfml\graphics\text.hpp(177) : see declaration of 'sf::Text::setColor'
     1>c:\users\piotrek\documents\visual studio 2012\projects\spark\spark\engine.cpp(99): warning C4996: 'sf::Text::setColor': was declared deprecated
                 c:\biblioteki\sfml-2.4.0\include\sfml\graphics\text.hpp(177) : see declaration of 'sf::Text::setColor'
     1>c:\users\piotrek\documents\visual studio 2012\projects\spark\spark\engine.cpp(106): warning C4996: 'sf::Text::setColor': was declared deprecated
                 c:\biblioteki\sfml-2.4.0\include\sfml\graphics\text.hpp(177) : see declaration of 'sf::Text::setColor'
     1>c:\users\piotrek\documents\visual studio 2012\projects\spark\spark\engine.cpp(111): warning C4996: 'sf::Text::setColor': was declared deprecated
                 c:\biblioteki\sfml-2.4.0\include\sfml\graphics\text.hpp(177) : see declaration of 'sf::Text::setColor'
     1>c:\users\piotrek\documents\visual studio 2012\projects\spark\spark\engine.cpp(116): warning C4996: 'sf::Text::setColor': was declared deprecated
                 c:\biblioteki\sfml-2.4.0\include\sfml\graphics\text.hpp(177) : see declaration of 'sf::Text::setColor'
     1>c:\users\piotrek\documents\visual studio 2012\projects\spark\spark\engine.cpp(121): warning C4996: 'sf::Text::setColor': was declared deprecated
                 c:\biblioteki\sfml-2.4.0\include\sfml\graphics\text.hpp(177) : see declaration of 'sf::Text::setColor'
     1>c:\users\piotrek\documents\visual studio 2012\projects\spark\spark\engine.cpp(126): warning C4996: 'sf::Text::setColor': was declared deprecated
                 c:\biblioteki\sfml-2.4.0\include\sfml\graphics\text.hpp(177) : see declaration of 'sf::Text::setColor'
     1>c:\users\piotrek\documents\visual studio 2012\projects\spark\spark\engine.cpp(243): warning C4244: 'argument' : conversion from 'int' to 'float', possible loss of data
     1>c:\users\piotrek\documents\visual studio 2012\projects\spark\spark\engine.cpp(553): warning C4996: 'sf::Text::setColor': was declared deprecated
                 c:\biblioteki\sfml-2.4.0\include\sfml\graphics\text.hpp(177) : see declaration of 'sf::Text::setColor'
     1>c:\users\piotrek\documents\visual studio 2012\projects\spark\spark\engine.cpp(701): warning C4996: 'sf::Text::setColor': was declared deprecated
                 c:\biblioteki\sfml-2.4.0\include\sfml\graphics\text.hpp(177) : see declaration of 'sf::Text::setColor'
     1>c:\users\piotrek\documents\visual studio 2012\projects\spark\spark\engine.cpp(776): warning C4244: 'argument' : conversion from 'int' to 'float', possible loss of data
     1>c:\users\piotrek\documents\visual studio 2012\projects\spark\spark\engine.cpp(991): warning C4244: 'argument' : conversion from 'int' to 'float', possible loss of data
     1>c:\users\piotrek\documents\visual studio 2012\projects\spark\spark\engine.cpp(1078): warning C4018: '<' : signed/unsigned mismatch
     1>c:\users\piotrek\documents\visual studio 2012\projects\spark\spark\engine.cpp(1125): warning C4018: '<' : signed/unsigned mismatch
     1>c:\users\piotrek\documents\visual studio 2012\projects\spark\spark\engine.cpp(1173): warning C4018: '<' : signed/unsigned mismatch
     1>c:\users\piotrek\documents\visual studio 2012\projects\spark\spark\engine.cpp(1224): warning C4018: '<' : signed/unsigned mismatch
     1>c:\users\piotrek\documents\visual studio 2012\projects\spark\spark\engine.cpp(1246): warning C4244: 'argument' : conversion from 'int' to 'float', possible loss of data
     1>c:\users\piotrek\documents\visual studio 2012\projects\spark\spark\engine.cpp(1249): warning C4018: '<' : signed/unsigned mismatch
     1>c:\users\piotrek\documents\visual studio 2012\projects\spark\spark\engine.cpp(1516): warning C4244: 'argument' : conversion from 'int' to 'float', possible loss of data
     1>c:\users\piotrek\documents\visual studio 2012\projects\spark\spark\engine.cpp(258): warning C4101: 'temp' : unreferenced local variable
         Generating Code...
       Link:
         C:\Program Files (x86)\Microsoft Visual Studio 11.0\VC\bin\link.exe /ERRORREPORT:PROMPT /OUT:"C:\Users\Piotrek\Documents\Visual Studio 2012\Projects\Spark\Debug\Spark.exe" /INCREMENTAL /NOLOGO /LIBPATH:"C:\Biblioteki\SFML-2.4.0\lib" "sfml-audio-d.lib" "sfml-graphics-d.lib" "sfml-main-d.lib" "sfml-network-d.lib" "sfml-system-d.lib" "sfml-window-d.lib" kernel32.lib user32.lib gdi32.lib winspool.lib comdlg32.lib advapi32.lib shell32.lib ole32.lib oleaut32.lib uuid.lib odbc32.lib odbccp32.lib /MANIFEST /MANIFESTUAC:"level='asInvoker' uiAccess='false'" /manifest:embed /DEBUG /PDB:"C:\Users\Piotrek\Documents\Visual Studio 2012\Projects\Spark\Debug\Spark.pdb" /TLBID:1 /DYNAMICBASE /NXCOMPAT /IMPLIB:"C:\Users\Piotrek\Documents\Visual Studio 2012\Projects\Spark\Debug\Spark.lib" /MACHINE:X86 Debug\Enemy.obj
         Debug\Engine.obj
         Debug\Game.obj
         Debug\Item.obj
         Debug\main.obj
         Debug\MainMenu.obj
         Debug\NextLvl.obj
         Debug\NextNextLvl.obj
         Debug\Player.obj
         Debug\Score.obj
         Debug\tut.obj
         Spark.vcxproj -> C:\Users\Piotrek\Documents\Visual Studio 2012\Projects\Spark\Debug\Spark.exe
     1>Done Building Project "C:\Users\Piotrek\Documents\Visual Studio 2012\Projects\Spark\Spark\Spark.vcxproj" (Build target(s)).

Build succeeded.

Time Elapsed 00:00:06.38
