C:\USERS\PIOTREK\DOCUMENTS\VISUAL STUDIO 2012\PROJECTS\SPARK\SPARK\DEBUG\SOURCE.OBJ
C:\USERS\PIOTREK\DOCUMENTS\VISUAL STUDIO 2012\PROJECTS\SPARK\SPARK\DEBUG\VC110.PDB
C:\USERS\PIOTREK\DOCUMENTS\VISUAL STUDIO 2012\PROJECTS\SPARK\SPARK\DEBUG\MAIN.OBJ
C:\USERS\PIOTREK\DOCUMENTS\VISUAL STUDIO 2012\PROJECTS\SPARK\SPARK\DEBUG\GAME.OBJ
C:\USERS\PIOTREK\DOCUMENTS\VISUAL STUDIO 2012\PROJECTS\SPARK\DEBUG\SPARK.ILK
C:\USERS\PIOTREK\DOCUMENTS\VISUAL STUDIO 2012\PROJECTS\SPARK\DEBUG\SPARK.EXE
C:\USERS\PIOTREK\DOCUMENTS\VISUAL STUDIO 2012\PROJECTS\SPARK\DEBUG\SPARK.PDB
C:\Users\Piotrek\documents\visual studio 2012\Projects\Spark\Spark\Debug\Game.obj
C:\Users\Piotrek\documents\visual studio 2012\Projects\Spark\Spark\Debug\main.obj
C:\Users\Piotrek\documents\visual studio 2012\Projects\Spark\Spark\Debug\Source.obj
C:\Users\Piotrek\documents\visual studio 2012\Projects\Spark\Spark\Debug\cl.command.1.tlog
C:\Users\Piotrek\documents\visual studio 2012\Projects\Spark\Spark\Debug\CL.read.1.tlog
C:\Users\Piotrek\documents\visual studio 2012\Projects\Spark\Spark\Debug\CL.write.1.tlog
C:\Users\Piotrek\documents\visual studio 2012\Projects\Spark\Spark\Debug\link-cvtres.read.1.tlog
C:\Users\Piotrek\documents\visual studio 2012\Projects\Spark\Spark\Debug\link-cvtres.write.1.tlog
C:\Users\Piotrek\documents\visual studio 2012\Projects\Spark\Spark\Debug\link-rc.read.1.tlog
C:\Users\Piotrek\documents\visual studio 2012\Projects\Spark\Spark\Debug\link-rc.write.1.tlog
C:\Users\Piotrek\documents\visual studio 2012\Projects\Spark\Spark\Debug\link.3756-cvtres.read.1.tlog
C:\Users\Piotrek\documents\visual studio 2012\Projects\Spark\Spark\Debug\link.3756-cvtres.write.1.tlog
C:\Users\Piotrek\documents\visual studio 2012\Projects\Spark\Spark\Debug\link.3756-rc.read.1.tlog
C:\Users\Piotrek\documents\visual studio 2012\Projects\Spark\Spark\Debug\link.3756-rc.write.1.tlog
C:\Users\Piotrek\documents\visual studio 2012\Projects\Spark\Spark\Debug\link.3756.read.1.tlog
C:\Users\Piotrek\documents\visual studio 2012\Projects\Spark\Spark\Debug\link.3756.write.1.tlog
C:\Users\Piotrek\documents\visual studio 2012\Projects\Spark\Spark\Debug\link.4408-cvtres.read.1.tlog
C:\Users\Piotrek\documents\visual studio 2012\Projects\Spark\Spark\Debug\link.4408-cvtres.write.1.tlog
C:\Users\Piotrek\documents\visual studio 2012\Projects\Spark\Spark\Debug\link.4408-rc.read.1.tlog
C:\Users\Piotrek\documents\visual studio 2012\Projects\Spark\Spark\Debug\link.4408-rc.write.1.tlog
C:\Users\Piotrek\documents\visual studio 2012\Projects\Spark\Spark\Debug\link.4408.read.1.tlog
C:\Users\Piotrek\documents\visual studio 2012\Projects\Spark\Spark\Debug\link.4408.write.1.tlog
C:\Users\Piotrek\documents\visual studio 2012\Projects\Spark\Spark\Debug\link.5104-cvtres.read.1.tlog
C:\Users\Piotrek\documents\visual studio 2012\Projects\Spark\Spark\Debug\link.5104-cvtres.write.1.tlog
C:\Users\Piotrek\documents\visual studio 2012\Projects\Spark\Spark\Debug\link.5104-rc.read.1.tlog
C:\Users\Piotrek\documents\visual studio 2012\Projects\Spark\Spark\Debug\link.5104-rc.write.1.tlog
C:\Users\Piotrek\documents\visual studio 2012\Projects\Spark\Spark\Debug\link.5104.read.1.tlog
C:\Users\Piotrek\documents\visual studio 2012\Projects\Spark\Spark\Debug\link.5104.write.1.tlog
C:\Users\Piotrek\documents\visual studio 2012\Projects\Spark\Spark\Debug\link.6072-cvtres.read.1.tlog
C:\Users\Piotrek\documents\visual studio 2012\Projects\Spark\Spark\Debug\link.6072-cvtres.write.1.tlog
C:\Users\Piotrek\documents\visual studio 2012\Projects\Spark\Spark\Debug\link.6072-rc.read.1.tlog
C:\Users\Piotrek\documents\visual studio 2012\Projects\Spark\Spark\Debug\link.6072-rc.write.1.tlog
C:\Users\Piotrek\documents\visual studio 2012\Projects\Spark\Spark\Debug\link.6072.read.1.tlog
C:\Users\Piotrek\documents\visual studio 2012\Projects\Spark\Spark\Debug\link.6072.write.1.tlog
C:\Users\Piotrek\documents\visual studio 2012\Projects\Spark\Spark\Debug\link.8888-cvtres.read.1.tlog
C:\Users\Piotrek\documents\visual studio 2012\Projects\Spark\Spark\Debug\link.8888-cvtres.write.1.tlog
C:\Users\Piotrek\documents\visual studio 2012\Projects\Spark\Spark\Debug\link.8888-rc.read.1.tlog
C:\Users\Piotrek\documents\visual studio 2012\Projects\Spark\Spark\Debug\link.8888-rc.write.1.tlog
C:\Users\Piotrek\documents\visual studio 2012\Projects\Spark\Spark\Debug\link.8888.read.1.tlog
C:\Users\Piotrek\documents\visual studio 2012\Projects\Spark\Spark\Debug\link.8888.write.1.tlog
C:\Users\Piotrek\documents\visual studio 2012\Projects\Spark\Spark\Debug\link.command.1.tlog
C:\Users\Piotrek\documents\visual studio 2012\Projects\Spark\Spark\Debug\link.read.1.tlog
C:\Users\Piotrek\documents\visual studio 2012\Projects\Spark\Spark\Debug\link.write.1.tlog
C:\Users\Piotrek\documents\visual studio 2012\Projects\Spark\Spark\Debug\vc110.idb
C:\Users\Piotrek\documents\visual studio 2012\Projects\Spark\Spark\Debug\vc110.pdb
C:\Users\Piotrek\documents\visual studio 2012\Projects\Spark\Debug\Spark.pdb
C:\Users\Piotrek\documents\visual studio 2012\Projects\Spark\Debug\Spark.exe
C:\Users\Piotrek\documents\visual studio 2012\Projects\Spark\Debug\Spark.ilk
